<?xml version="1.0" encoding="UTF-8"?>
<testng-results skipped="0" failed="0" ignored="0" total="2" passed="2">
  <reporter-output>
  </reporter-output>
  <suite name="Default suite" duration-ms="106857" started-at="2019-09-08T10:39:17Z" finished-at="2019-09-08T10:41:04Z">
    <groups>
      <group name="cucumber">
        <method signature="AbstractTestNGCucumberTests.runScenario(cucumber.api.testng.PickleEventWrapper, cucumber.api.testng.CucumberFeatureWrapper)[pri:0, instance:com.leafBot.testcases.CreateLead@731a74c]" name="runScenario" class="cucumber.api.testng.AbstractTestNGCucumberTests"/>
      </group> <!-- cucumber -->
    </groups>
    <test name="Default test" duration-ms="106857" started-at="2019-09-08T10:39:17Z" finished-at="2019-09-08T10:41:04Z">
      <class name="com.leafBot.testcases.CreateLead">
        <test-method status="PASS" signature="startReport()[pri:0, instance:com.leafBot.testcases.CreateLead@731a74c]" name="startReport" is-config="true" duration-ms="3082" started-at="2019-09-08T10:39:14Z" finished-at="2019-09-08T10:39:17Z">
          <reporter-output>
          </reporter-output>
        </test-method> <!-- startReport -->
        <test-method status="PASS" signature="setData()[pri:0, instance:com.leafBot.testcases.CreateLead@731a74c]" name="setData" is-config="true" duration-ms="0" started-at="2019-09-08T10:39:17Z" finished-at="2019-09-08T10:39:17Z">
          <reporter-output>
          </reporter-output>
        </test-method> <!-- setData -->
        <test-method status="PASS" signature="setUpClass()[pri:0, instance:com.leafBot.testcases.CreateLead@731a74c]" name="setUpClass" is-config="true" duration-ms="687" started-at="2019-09-08T10:39:17Z" finished-at="2019-09-08T10:39:18Z">
          <reporter-output>
          </reporter-output>
        </test-method> <!-- setUpClass -->
        <test-method status="PASS" signature="report()[pri:0, instance:com.leafBot.testcases.CreateLead@731a74c]" name="report" is-config="true" duration-ms="41" started-at="2019-09-08T10:39:18Z" finished-at="2019-09-08T10:39:18Z">
          <reporter-output>
          </reporter-output>
        </test-method> <!-- report -->
        <test-method status="PASS" signature="beforeMethod()[pri:0, instance:com.leafBot.testcases.CreateLead@731a74c]" name="beforeMethod" is-config="true" duration-ms="18732" started-at="2019-09-08T10:39:22Z" finished-at="2019-09-08T10:39:41Z">
          <reporter-output>
          </reporter-output>
        </test-method> <!-- beforeMethod -->
        <test-method status="PASS" signature="runTC002_CreateLead(java.lang.String, java.lang.String, java.lang.String, java.lang.String, java.lang.String)[pri:0, instance:com.leafBot.testcases.CreateLead@731a74c]" name="runTC002_CreateLead" duration-ms="35742" started-at="2019-09-08T10:39:41Z" data-provider="fetchData" finished-at="2019-09-08T10:40:16Z">
          <params>
            <param index="0">
              <value>
                <![CDATA[DemoSalesManager]]>
              </value>
            </param>
            <param index="1">
              <value>
                <![CDATA[crmsfa]]>
              </value>
            </param>
            <param index="2">
              <value>
                <![CDATA[Bosch]]>
              </value>
            </param>
            <param index="3">
              <value>
                <![CDATA[Abi]]>
              </value>
            </param>
            <param index="4">
              <value>
                <![CDATA[Ram]]>
              </value>
            </param>
          </params>
          <reporter-output>
          </reporter-output>
        </test-method> <!-- runTC002_CreateLead -->
        <test-method status="PASS" signature="afterMethod()[pri:0, instance:com.leafBot.testcases.CreateLead@731a74c]" name="afterMethod" is-config="true" duration-ms="472" started-at="2019-09-08T10:40:16Z" finished-at="2019-09-08T10:40:17Z">
          <reporter-output>
          </reporter-output>
        </test-method> <!-- afterMethod -->
        <test-method status="PASS" signature="beforeMethod()[pri:0, instance:com.leafBot.testcases.CreateLead@731a74c]" name="beforeMethod" is-config="true" duration-ms="9177" started-at="2019-09-08T10:40:17Z" finished-at="2019-09-08T10:40:26Z">
          <reporter-output>
          </reporter-output>
        </test-method> <!-- beforeMethod -->
        <test-method status="PASS" signature="runTC002_CreateLead(java.lang.String, java.lang.String, java.lang.String, java.lang.String, java.lang.String)[pri:0, instance:com.leafBot.testcases.CreateLead@731a74c]" name="runTC002_CreateLead" duration-ms="37380" started-at="2019-09-08T10:40:26Z" data-provider="fetchData" finished-at="2019-09-08T10:41:03Z">
          <params>
            <param index="0">
              <value>
                <![CDATA[DemoSalesManager]]>
              </value>
            </param>
            <param index="1">
              <value>
                <![CDATA[crmsfa]]>
              </value>
            </param>
            <param index="2">
              <value>
                <![CDATA[Robert Bosch]]>
              </value>
            </param>
            <param index="3">
              <value>
                <![CDATA[Varshini]]>
              </value>
            </param>
            <param index="4">
              <value>
                <![CDATA[Veerakumar]]>
              </value>
            </param>
          </params>
          <reporter-output>
          </reporter-output>
        </test-method> <!-- runTC002_CreateLead -->
        <test-method status="PASS" signature="afterMethod()[pri:0, instance:com.leafBot.testcases.CreateLead@731a74c]" name="afterMethod" is-config="true" duration-ms="444" started-at="2019-09-08T10:41:03Z" finished-at="2019-09-08T10:41:04Z">
          <reporter-output>
          </reporter-output>
        </test-method> <!-- afterMethod -->
        <test-method status="PASS" signature="tearDownClass()[pri:0, instance:com.leafBot.testcases.CreateLead@731a74c]" name="tearDownClass" is-config="true" duration-ms="65" started-at="2019-09-08T10:41:04Z" finished-at="2019-09-08T10:41:04Z">
          <reporter-output>
          </reporter-output>
        </test-method> <!-- tearDownClass -->
        <test-method status="PASS" signature="stopReport()[pri:0, instance:com.leafBot.testcases.CreateLead@731a74c]" name="stopReport" is-config="true" duration-ms="2219" started-at="2019-09-08T10:41:05Z" finished-at="2019-09-08T10:41:07Z">
          <reporter-output>
          </reporter-output>
        </test-method> <!-- stopReport -->
      </class> <!-- com.leafBot.testcases.CreateLead -->
    </test> <!-- Default test -->
  </suite> <!-- Default suite -->
</testng-results>
